<?xml version="1.0" encoding="UTF-8"?>
<TestRun id="96da26e6-0b1b-4b3a-ba75-87f23f6f07a3" name="dzhariy@DZ 2013-01-24 23:01:24" runUser="dz\dzhariy" xmlns="http://microsoft.com/schemas/VisualStudio/TeamTest/2010">
  <TestSettings name="Local" id="54e60e6e-3ff0-4cb5-a108-c0bcb065fa54">
    <Description>These are default test settings for a local test run.</Description>
    <Deployment enabled="false" runDeploymentRoot="dzhariy_DZ 2013-01-24 23_01_24">
      <DeploymentItem filename="D:\projects\MyPresentations.Slides-n-Source\2013-02-09__ATDays.Kyiv\src\WebDriverStarterMSTest\packages\Selenium.WebDriver.2.29.1\lib\net40\WebDriver.dll" />
      <DeploymentItem filename="D:\projects\MyPresentations.Slides-n-Source\2013-02-09__ATDays.Kyiv\src\WebDriverStarterMSTest\packages\Castle.Core.3.0.0.4001\lib\net40-client\Castle.Core.dll" />
      <DeploymentItem filename="D:\projects\MyPresentations.Slides-n-Source\2013-02-09__ATDays.Kyiv\src\WebDriverStarterMSTest\packages\Selenium.Support.2.29.1\lib\net40\WebDriver.Support.dll" />
    </Deployment>
    <Execution>
      <TestTypeSpecific />
      <AgentRule name="Execution Agents">
      </AgentRule>
    </Execution>
  </TestSettings>
  <Times creation="2013-01-24T23:01:24.8422423+02:00" queuing="2013-01-24T23:01:24.9602490+02:00" start="2013-01-24T23:01:25.0082518+02:00" finish="2013-01-24T23:02:15.9401649+02:00" />
  <ResultSummary outcome="Failed">
    <Counters total="1" executed="1" error="0" failed="1" timeout="0" aborted="0" inconclusive="0" passedButRunAborted="0" notRunnable="0" notExecuted="0" disconnected="0" warning="0" passed="0" completed="0" inProgress="0" pending="0" />
  </ResultSummary>
  <TestDefinitions>
    <UnitTest name="Test_for_donation_error_text" storage="d:\projects\mypresentations.slides-n-source\2013-02-09__atdays.kyiv\src\webdriverstartermstest\webdriverstartermstest\bin\debug\webdriverstartermstest.dll" id="6bb805b0-54a1-0a31-2173-f995a82c10c9">
      <Execution id="b8796131-535d-4e87-8043-6a09e5c03630" />
      <TestMethod codeBase="D:/projects/MyPresentations.Slides-n-Source/2013-02-09__ATDays.Kyiv/src/WebDriverStarterMSTest/WebDriverStarterMSTest/bin/Debug/WebDriverStarterMSTest.DLL" adapterTypeName="Microsoft.VisualStudio.TestTools.TestTypes.Unit.UnitTestAdapter, Microsoft.VisualStudio.QualityTools.Tips.UnitTest.Adapter, Version=10.0.0.0, Culture=neutral, PublicKeyToken=b03f5f7f11d50a3a" className="WebDriverStarterMSTest.MyWebdriverStarterTests, WebDriverStarterMSTest, Version=1.0.0.0, Culture=neutral, PublicKeyToken=null" name="Test_for_donation_error_text" />
    </UnitTest>
  </TestDefinitions>
  <TestLists>
    <TestList name="Results Not in a List" id="8c84fa94-04c1-424b-9868-57a2d4851a1d" />
    <TestList name="All Loaded Results" id="19431567-8539-422a-85d7-44ee4e166bda" />
  </TestLists>
  <TestEntries>
    <TestEntry testId="6bb805b0-54a1-0a31-2173-f995a82c10c9" executionId="b8796131-535d-4e87-8043-6a09e5c03630" testListId="8c84fa94-04c1-424b-9868-57a2d4851a1d" />
  </TestEntries>
  <Results>
    <UnitTestResult executionId="b8796131-535d-4e87-8043-6a09e5c03630" testId="6bb805b0-54a1-0a31-2173-f995a82c10c9" testName="Test_for_donation_error_text" computerName="DZ" duration="00:00:48.7006141" startTime="2013-01-24T23:01:25.2742670+02:00" endTime="2013-01-24T23:02:15.2791271+02:00" testType="13cdc9d9-ddb5-4fa4-a97d-d965ccfc6d4b" outcome="Failed" testListId="8c84fa94-04c1-424b-9868-57a2d4851a1d" relativeResultsDirectory="b8796131-535d-4e87-8043-6a09e5c03630">
      <Output>
        <ErrorInfo>
          <Message>Test method WebDriverStarterMSTest.MyWebdriverStarterTests.Test_for_donation_error_text threw exception: 
OpenQA.Selenium.NoSuchElementException: Unable to find element with css selector == div#mw-content-text * big &gt; span</Message>
          <StackTrace>    at OpenQA.Selenium.Remote.RemoteWebDriver.UnpackAndThrowOnError(Response errorResponse)
   at OpenQA.Selenium.Remote.RemoteWebDriver.Execute(String driverCommandToExecute, Dictionary`2 parameters)
   at OpenQA.Selenium.Remote.RemoteWebDriver.FindElement(String mechanism, String value)
   at OpenQA.Selenium.Remote.RemoteWebDriver.FindElementByCssSelector(String cssSelector)
   at OpenQA.Selenium.By.&lt;&gt;c__DisplayClass1e.&lt;CssSelector&gt;b__1c(ISearchContext context)
   at OpenQA.Selenium.By.FindElement(ISearchContext context)
   at OpenQA.Selenium.Remote.RemoteWebDriver.FindElement(By by)
   at WebDriverStarterMSTest.MyWebdriverStarterTests.Test_for_donation_error_text() in D:\projects\MyPresentations.Slides-n-Source\2013-02-09__ATDays.Kyiv\src\WebDriverStarterMSTest\WebDriverStarterMSTest\UnitTest1.cs:line 216
</StackTrace>
        </ErrorInfo>
      </Output>
    </UnitTestResult>
  </Results>
</TestRun>