<?xml version="1.0" encoding="UTF-8"?>
<TestRun id="30abc6fd-c063-4e53-b39c-4781ec4abc0d" name="dzhariy@DZ 2013-01-23 06:09:07" runUser="dz\dzhariy" xmlns="http://microsoft.com/schemas/VisualStudio/TeamTest/2010">
  <TestSettings name="Local" id="54e60e6e-3ff0-4cb5-a108-c0bcb065fa54">
    <Description>These are default test settings for a local test run.</Description>
    <Deployment enabled="false" runDeploymentRoot="dzhariy_DZ 2013-01-23 06_09_07">
      <DeploymentItem filename="D:\projects\MyPresentations.Slides-n-Source\2013-02-09__ATDays.Kyiv\src\WebDriverStarterMSTest\packages\Selenium.WebDriver.2.29.1\lib\net40\WebDriver.dll" />
      <DeploymentItem filename="D:\projects\MyPresentations.Slides-n-Source\2013-02-09__ATDays.Kyiv\src\WebDriverStarterMSTest\packages\Castle.Core.3.0.0.4001\lib\net40-client\Castle.Core.dll" />
      <DeploymentItem filename="D:\projects\MyPresentations.Slides-n-Source\2013-02-09__ATDays.Kyiv\src\WebDriverStarterMSTest\packages\Selenium.Support.2.29.1\lib\net40\WebDriver.Support.dll" />
    </Deployment>
    <Execution>
      <TestTypeSpecific />
      <AgentRule name="Execution Agents">
      </AgentRule>
    </Execution>
  </TestSettings>
  <Times creation="2013-01-23T06:09:07.6122478+02:00" queuing="2013-01-23T06:09:07.7632564+02:00" start="2013-01-23T06:09:07.7952582+02:00" finish="2013-01-23T06:09:21.1160202+02:00" />
  <ResultSummary outcome="Completed">
    <Counters total="1" executed="1" passed="1" error="0" failed="0" timeout="0" aborted="0" inconclusive="0" passedButRunAborted="0" notRunnable="0" notExecuted="0" disconnected="0" warning="0" completed="0" inProgress="0" pending="0" />
  </ResultSummary>
  <TestDefinitions>
    <UnitTest name="Test_donations_invalid_credit_card" storage="d:\projects\mypresentations.slides-n-source\2013-02-09__atdays.kyiv\src\webdriverstartermstest\webdriverstartermstest\bin\debug\webdriverstartermstest.dll" id="76b46aae-07ce-5e70-6339-6aa0f4aab014">
      <Execution id="e9b6b1d7-00cd-4af5-92cd-0d58e7bdd4f9" />
      <TestMethod codeBase="D:/projects/MyPresentations.Slides-n-Source/2013-02-09__ATDays.Kyiv/src/WebDriverStarterMSTest/WebDriverStarterMSTest/bin/Debug/WebDriverStarterMSTest.DLL" adapterTypeName="Microsoft.VisualStudio.TestTools.TestTypes.Unit.UnitTestAdapter, Microsoft.VisualStudio.QualityTools.Tips.UnitTest.Adapter, Version=10.0.0.0, Culture=neutral, PublicKeyToken=b03f5f7f11d50a3a" className="WebDriverStarterMSTest.MyWebdriverStarterTests, WebDriverStarterMSTest, Version=1.0.0.0, Culture=neutral, PublicKeyToken=null" name="Test_donations_invalid_credit_card" />
    </UnitTest>
  </TestDefinitions>
  <TestLists>
    <TestList name="Results Not in a List" id="8c84fa94-04c1-424b-9868-57a2d4851a1d" />
    <TestList name="All Loaded Results" id="19431567-8539-422a-85d7-44ee4e166bda" />
  </TestLists>
  <TestEntries>
    <TestEntry testId="76b46aae-07ce-5e70-6339-6aa0f4aab014" executionId="e9b6b1d7-00cd-4af5-92cd-0d58e7bdd4f9" testListId="8c84fa94-04c1-424b-9868-57a2d4851a1d" />
  </TestEntries>
  <Results>
    <UnitTestResult executionId="e9b6b1d7-00cd-4af5-92cd-0d58e7bdd4f9" testId="76b46aae-07ce-5e70-6339-6aa0f4aab014" testName="Test_donations_invalid_credit_card" computerName="DZ" duration="00:00:12.6276359" startTime="2013-01-23T06:09:07.7972584+02:00" endTime="2013-01-23T06:09:21.0100141+02:00" testType="13cdc9d9-ddb5-4fa4-a97d-d965ccfc6d4b" outcome="Passed" testListId="8c84fa94-04c1-424b-9868-57a2d4851a1d" relativeResultsDirectory="e9b6b1d7-00cd-4af5-92cd-0d58e7bdd4f9">
    </UnitTestResult>
  </Results>
</TestRun>