<?xml version="1.0" encoding="UTF-8"?>
<TestRun id="62adbfb8-18b2-4876-926a-4598b687b33b" name="dzhariy@DZ 2013-01-23 06:59:56" runUser="dz\dzhariy" xmlns="http://microsoft.com/schemas/VisualStudio/TeamTest/2010">
  <TestSettings name="Local" id="54e60e6e-3ff0-4cb5-a108-c0bcb065fa54">
    <Description>These are default test settings for a local test run.</Description>
    <Deployment enabled="false" runDeploymentRoot="dzhariy_DZ 2013-01-23 06_59_56">
      <DeploymentItem filename="D:\projects\MyPresentations.Slides-n-Source\2013-02-09__ATDays.Kyiv\src\WebDriverStarterMSTest\packages\Selenium.WebDriver.2.29.1\lib\net40\WebDriver.dll" />
      <DeploymentItem filename="D:\projects\MyPresentations.Slides-n-Source\2013-02-09__ATDays.Kyiv\src\WebDriverStarterMSTest\packages\Castle.Core.3.0.0.4001\lib\net40-client\Castle.Core.dll" />
      <DeploymentItem filename="D:\projects\MyPresentations.Slides-n-Source\2013-02-09__ATDays.Kyiv\src\WebDriverStarterMSTest\packages\Selenium.Support.2.29.1\lib\net40\WebDriver.Support.dll" />
    </Deployment>
    <Execution>
      <TestTypeSpecific />
      <AgentRule name="Execution Agents">
      </AgentRule>
    </Execution>
  </TestSettings>
  <Times creation="2013-01-23T06:59:56.7696496+02:00" queuing="2013-01-23T07:00:00.2048461+02:00" start="2013-01-23T07:00:00.7128751+02:00" finish="2013-01-23T07:01:02.5144100+02:00" />
  <ResultSummary outcome="Error">
    <Counters total="1" executed="1" error="0" failed="0" timeout="0" aborted="1" inconclusive="0" passedButRunAborted="0" notRunnable="0" notExecuted="0" disconnected="0" warning="0" passed="0" completed="0" inProgress="0" pending="0" />
    <RunInfos>
      <RunInfo computerName="DZ" outcome="Error" timestamp="2013-01-23T07:01:02.4854083+02:00">
        <Text>Test host process exited unexpectedly.</Text>
      </RunInfo>
    </RunInfos>
  </ResultSummary>
  <TestDefinitions>
    <UnitTest name="Test_donations_invalid_credit_card" storage="d:\projects\mypresentations.slides-n-source\2013-02-09__atdays.kyiv\src\webdriverstartermstest\webdriverstartermstest\bin\debug\webdriverstartermstest.dll" id="76b46aae-07ce-5e70-6339-6aa0f4aab014">
      <Execution id="dec5d6b3-4d0d-4525-b7a1-2696bd39b938" />
      <TestMethod codeBase="D:/projects/MyPresentations.Slides-n-Source/2013-02-09__ATDays.Kyiv/src/WebDriverStarterMSTest/WebDriverStarterMSTest/bin/Debug/WebDriverStarterMSTest.DLL" adapterTypeName="Microsoft.VisualStudio.TestTools.TestTypes.Unit.UnitTestAdapter, Microsoft.VisualStudio.QualityTools.Tips.UnitTest.Adapter, Version=10.0.0.0, Culture=neutral, PublicKeyToken=b03f5f7f11d50a3a" className="WebDriverStarterMSTest.MyWebdriverStarterTests, WebDriverStarterMSTest, Version=1.0.0.0, Culture=neutral, PublicKeyToken=null" name="Test_donations_invalid_credit_card" />
    </UnitTest>
  </TestDefinitions>
  <TestLists>
    <TestList name="Results Not in a List" id="8c84fa94-04c1-424b-9868-57a2d4851a1d" />
    <TestList name="All Loaded Results" id="19431567-8539-422a-85d7-44ee4e166bda" />
  </TestLists>
  <TestEntries>
    <TestEntry testId="76b46aae-07ce-5e70-6339-6aa0f4aab014" executionId="dec5d6b3-4d0d-4525-b7a1-2696bd39b938" testListId="8c84fa94-04c1-424b-9868-57a2d4851a1d" />
  </TestEntries>
  <Results>
    <UnitTestResult executionId="dec5d6b3-4d0d-4525-b7a1-2696bd39b938" testId="76b46aae-07ce-5e70-6339-6aa0f4aab014" testName="Test_donations_invalid_credit_card" computerName="DZ" duration="00:01:01.2415028" startTime="2013-01-23T07:00:01.2729072+02:00" endTime="2013-01-23T07:01:02.5144100+02:00" testType="13cdc9d9-ddb5-4fa4-a97d-d965ccfc6d4b" outcome="Aborted" testListId="8c84fa94-04c1-424b-9868-57a2d4851a1d" relativeResultsDirectory="dec5d6b3-4d0d-4525-b7a1-2696bd39b938">
    </UnitTestResult>
  </Results>
</TestRun>